Phase 2 bank: outputs/imagenet_single_bank/phase2/feature_bank
Phase 3 output: outputs/imagenet_single_bank/phase3

======================================================================
  PHASE 3: FINAL CLASSIFICATION
======================================================================
[FeatureBank] Loaded 2611 formulas from outputs/imagenet_single_bank/phase2/feature_bank
Loaded 2611 validated formulas

Loading ImageNet at 224x224 (full dataset)...
[ImageNet] Train: 1180660 images
[ImageNet] Val: 50000 images
[ImageNet] Resolution: 224x224
  Train: 1180660 images
  Val:   50000 images

Extracting training features (2611 formulas)...
  [train] batch 1/2306  (512/1180660 images)
Traceback (most recent call last):
  File "/workspace/neurosymbolic-rl/experiments/run_phase3_only.py", line 30, in <module>
    run_phase3(config, DEVICE, phase3_dir, phase2_dir)
  File "/workspace/neurosymbolic-rl/experiments/train_imagenet_pipeline.py", line 567, in run_phase3
    X_train_mmap, y_train = extract_features_mmap(
                            ^^^^^^^^^^^^^^^^^^^^^^
  File "/workspace/neurosymbolic-rl/experiments/train_imagenet_pipeline.py", line 698, in extract_features_mmap
    data_batch = build_data_batch(images, device)
                 ^^^^^^^^^^^^^^^^^^^^^^^^^^^^^^^^
  File "/workspace/neurosymbolic-rl/experiments/train_imagenet_pipeline.py", line 71, in build_data_batch
    images = images.to(device)
             ^^^^^^^^^^^^^^^^^
torch.OutOfMemoryError: CUDA out of memory. Tried to allocate 294.00 MiB. GPU 0 has a total capacity of 79.25 GiB of which 960.00 KiB is free. Including non-PyTorch memory, this process has 79.22 GiB memory in use. Of the allocated memory 78.71 GiB is allocated by PyTorch, and 33.94 MiB is reserved by PyTorch but unallocated. If reserved but unallocated memory is large try setting PYTORCH_CUDA_ALLOC_CONF=expandable_segments:True to avoid fragmentation.  See documentation for Memory Management  (https://pytorch.org/docs/stable/notes/cuda.html#environment-variables)
