Found existing Phase 1 bank at outputs/imagenet_single_bank/phase1/bank_0/feature_bank
[FeatureBank] Loaded 3614 formulas from outputs/imagenet_single_bank/phase1/bank_0/feature_bank
  3614 formulas loaded

======================================================================
  PHASE 2: FULL-RESOLUTION VALIDATION
======================================================================
Loading ImageNet at 224×224 (50 per class)...
[ImageNet] Train: 50000 images
[ImageNet] Val: 50000 images
[ImageNet] Resolution: 224x224
Caching evaluation data to GPU...
  Eval set: 50000 images at 224×224
[FeatureBank] Loaded 3614 formulas from outputs/imagenet_single_bank/phase1/bank_0/feature_bank
  Bank 0: 3614 formulas loaded

Total candidate formulas: 3614
Re-evaluating formulas at full resolution...
  Progress: 500/3614 (kept=499, dropped_acc=0, dropped_nan=0)
  Progress: 1000/3614 (kept=999, dropped_acc=0, dropped_nan=0)
  Progress: 1500/3614 (kept=1499, dropped_acc=0, dropped_nan=0)
  Progress: 2000/3614 (kept=1999, dropped_acc=0, dropped_nan=0)
  Progress: 2500/3614 (kept=2499, dropped_acc=0, dropped_nan=0)
  Progress: 3000/3614 (kept=2999, dropped_acc=0, dropped_nan=0)
  Progress: 3500/3614 (kept=3499, dropped_acc=0, dropped_nan=0)

After accuracy filter: 3614 formulas (dropped: 0 acc-degraded, 0 failed)

Deduplicating with correlation threshold 0.78...
After deduplication: 2611 unique formulas
[FeatureBank] Saved 2611 formulas to outputs/imagenet_single_bank/phase2/feature_bank

======================================================================
  PHASE 3: FINAL CLASSIFICATION
======================================================================
[FeatureBank] Loaded 2611 formulas from outputs/imagenet_single_bank/phase2/feature_bank
Loaded 2611 validated formulas

Loading ImageNet at 224x224 (full dataset)...
[ImageNet] Train: 1180660 images
[ImageNet] Val: 50000 images
[ImageNet] Resolution: 224x224
  Train: 1180660 images
  Val:   50000 images

Extracting training features (2611 formulas)...
  [train] batch 1/2306  (512/1180660 images)
Traceback (most recent call last):
  File "/workspace/neurosymbolic-rl/experiments/run_phase2_3.py", line 177, in <module>
    main()
  File "/workspace/neurosymbolic-rl/experiments/run_phase2_3.py", line 170, in main
    run_phase3(config, DEVICE, phase3_dir, phase2_dir)
  File "/workspace/neurosymbolic-rl/experiments/train_imagenet_pipeline.py", line 562, in run_phase3
    X_train_mmap, y_train = extract_features_mmap(
                            ^^^^^^^^^^^^^^^^^^^^^^
  File "/workspace/neurosymbolic-rl/experiments/train_imagenet_pipeline.py", line 693, in extract_features_mmap
    data_batch = build_data_batch(images, device)
                 ^^^^^^^^^^^^^^^^^^^^^^^^^^^^^^^^
  File "/workspace/neurosymbolic-rl/experiments/train_imagenet_pipeline.py", line 71, in build_data_batch
    images = images.to(device)
             ^^^^^^^^^^^^^^^^^
torch.OutOfMemoryError: CUDA out of memory. Tried to allocate 294.00 MiB. GPU 0 has a total capacity of 79.25 GiB of which 6.94 MiB is free. Including non-PyTorch memory, this process has 79.12 GiB memory in use. Of the allocated memory 78.57 GiB is allocated by PyTorch, and 47.15 MiB is reserved by PyTorch but unallocated. If reserved but unallocated memory is large try setting PYTORCH_CUDA_ALLOC_CONF=expandable_segments:True to avoid fragmentation.  See documentation for Memory Management  (https://pytorch.org/docs/stable/notes/cuda.html#environment-variables)
