Phase 2 bank: outputs/imagenet_single_bank/phase2/feature_bank
Phase 3 output: outputs/imagenet_single_bank/phase3

======================================================================
  PHASE 3: FINAL CLASSIFICATION
======================================================================
[FeatureBank] Loaded 2611 formulas from outputs/imagenet_single_bank/phase2/feature_bank
Loaded 2611 validated formulas

Loading ImageNet at 224x224 (full dataset)...
[ImageNet] Train: 1180660 images
[ImageNet] Val: 50000 images
[ImageNet] Resolution: 224x224
  Train: 1180660 images
  Val:   50000 images

Extracting training features (2611 formulas)...
  [train] batch 1/2306  (512/1180660 images, 0.0%)
  [train] batch 20/2306  (10240/1180660 images, 0.9%)
  [train] batch 40/2306  (20480/1180660 images, 1.7%)
  [train] batch 60/2306  (30720/1180660 images, 2.6%)
  [train] batch 80/2306  (40960/1180660 images, 3.5%)
  [train] batch 100/2306  (51200/1180660 images, 4.3%)
  [train] batch 120/2306  (61440/1180660 images, 5.2%)
  [train] batch 140/2306  (71680/1180660 images, 6.1%)
  [train] batch 160/2306  (81920/1180660 images, 6.9%)
  [train] batch 180/2306  (92160/1180660 images, 7.8%)
  [train] batch 200/2306  (102400/1180660 images, 8.7%)
  [train] batch 220/2306  (112640/1180660 images, 9.5%)
  [train] batch 240/2306  (122880/1180660 images, 10.4%)
  [train] batch 260/2306  (133120/1180660 images, 11.3%)
  [train] batch 280/2306  (143360/1180660 images, 12.1%)
  [train] batch 300/2306  (153600/1180660 images, 13.0%)
  [train] batch 320/2306  (163840/1180660 images, 13.9%)
  [train] batch 340/2306  (174080/1180660 images, 14.7%)
  [train] batch 360/2306  (184320/1180660 images, 15.6%)
  [train] batch 380/2306  (194560/1180660 images, 16.5%)
  [train] batch 400/2306  (204800/1180660 images, 17.3%)
  [train] batch 420/2306  (215040/1180660 images, 18.2%)
  [train] batch 440/2306  (225280/1180660 images, 19.1%)
  [train] batch 460/2306  (235520/1180660 images, 19.9%)
  [train] batch 480/2306  (245760/1180660 images, 20.8%)
  [train] batch 500/2306  (256000/1180660 images, 21.7%)
  [train] batch 520/2306  (266240/1180660 images, 22.6%)
  [train] batch 540/2306  (276480/1180660 images, 23.4%)
  [train] batch 560/2306  (286720/1180660 images, 24.3%)
  [train] batch 580/2306  (296960/1180660 images, 25.2%)
  [train] batch 600/2306  (307200/1180660 images, 26.0%)
  [train] batch 620/2306  (317440/1180660 images, 26.9%)
  [train] batch 640/2306  (327680/1180660 images, 27.8%)
  [train] batch 660/2306  (337920/1180660 images, 28.6%)
  [train] batch 680/2306  (348160/1180660 images, 29.5%)
  [train] batch 700/2306  (358400/1180660 images, 30.4%)
  [train] batch 720/2306  (368640/1180660 images, 31.2%)
  [train] batch 740/2306  (378880/1180660 images, 32.1%)
  [train] batch 760/2306  (389120/1180660 images, 33.0%)
  [train] batch 780/2306  (399360/1180660 images, 33.8%)
  [train] batch 800/2306  (409600/1180660 images, 34.7%)
  [train] batch 820/2306  (419840/1180660 images, 35.6%)
  [train] batch 840/2306  (430080/1180660 images, 36.4%)
  [train] batch 860/2306  (440320/1180660 images, 37.3%)
  [train] batch 880/2306  (450560/1180660 images, 38.2%)
  [train] batch 900/2306  (460800/1180660 images, 39.0%)
  [train] batch 920/2306  (471040/1180660 images, 39.9%)
  [train] batch 940/2306  (481280/1180660 images, 40.8%)
  [train] batch 960/2306  (491520/1180660 images, 41.6%)
  [train] batch 980/2306  (501760/1180660 images, 42.5%)
  [train] batch 1000/2306  (512000/1180660 images, 43.4%)
  [train] batch 1020/2306  (522240/1180660 images, 44.2%)
  [train] batch 1040/2306  (532480/1180660 images, 45.1%)
  [train] batch 1060/2306  (542720/1180660 images, 46.0%)
  [train] batch 1080/2306  (552960/1180660 images, 46.8%)
  [train] batch 1100/2306  (563200/1180660 images, 47.7%)
  [train] batch 1120/2306  (573440/1180660 images, 48.6%)
  [train] batch 1140/2306  (583680/1180660 images, 49.4%)
  [train] batch 1160/2306  (593920/1180660 images, 50.3%)
  [train] batch 1180/2306  (604160/1180660 images, 51.2%)
  [train] batch 1200/2306  (614400/1180660 images, 52.0%)
  [train] batch 1220/2306  (624640/1180660 images, 52.9%)
  [train] batch 1240/2306  (634880/1180660 images, 53.8%)
  [train] batch 1260/2306  (645120/1180660 images, 54.6%)
  [train] batch 1280/2306  (655360/1180660 images, 55.5%)
  [train] batch 1300/2306  (665600/1180660 images, 56.4%)
  [train] batch 1320/2306  (675840/1180660 images, 57.2%)
  [train] batch 1340/2306  (686080/1180660 images, 58.1%)
  [train] batch 1360/2306  (696320/1180660 images, 59.0%)
  [train] batch 1380/2306  (706560/1180660 images, 59.8%)
  [train] batch 1400/2306  (716800/1180660 images, 60.7%)
  [train] batch 1420/2306  (727040/1180660 images, 61.6%)
  [train] batch 1440/2306  (737280/1180660 images, 62.4%)
  [train] batch 1460/2306  (747520/1180660 images, 63.3%)
  [train] batch 1480/2306  (757760/1180660 images, 64.2%)
  [train] batch 1500/2306  (768000/1180660 images, 65.0%)
  [train] batch 1520/2306  (778240/1180660 images, 65.9%)
  [train] batch 1540/2306  (788480/1180660 images, 66.8%)
  [train] batch 1560/2306  (798720/1180660 images, 67.7%)
  [train] batch 1580/2306  (808960/1180660 images, 68.5%)
  [train] batch 1600/2306  (819200/1180660 images, 69.4%)
  [train] batch 1620/2306  (829440/1180660 images, 70.3%)
  [train] batch 1640/2306  (839680/1180660 images, 71.1%)
  [train] batch 1660/2306  (849920/1180660 images, 72.0%)
  [train] batch 1680/2306  (860160/1180660 images, 72.9%)
  [train] batch 1700/2306  (870400/1180660 images, 73.7%)
  [train] batch 1720/2306  (880640/1180660 images, 74.6%)
  [train] batch 1740/2306  (890880/1180660 images, 75.5%)
  [train] batch 1760/2306  (901120/1180660 images, 76.3%)
  [train] batch 1780/2306  (911360/1180660 images, 77.2%)
  [train] batch 1800/2306  (921600/1180660 images, 78.1%)
  [train] batch 1820/2306  (931840/1180660 images, 78.9%)
  [train] batch 1840/2306  (942080/1180660 images, 79.8%)
  [train] batch 1860/2306  (952320/1180660 images, 80.7%)
  [train] batch 1880/2306  (962560/1180660 images, 81.5%)
  [train] batch 1900/2306  (972800/1180660 images, 82.4%)
  [train] batch 1920/2306  (983040/1180660 images, 83.3%)
  [train] batch 1940/2306  (993280/1180660 images, 84.1%)
  [train] batch 1960/2306  (1003520/1180660 images, 85.0%)
  [train] batch 1980/2306  (1013760/1180660 images, 85.9%)
  [train] batch 2000/2306  (1024000/1180660 images, 86.7%)
  [train] batch 2020/2306  (1034240/1180660 images, 87.6%)
  [train] batch 2040/2306  (1044480/1180660 images, 88.5%)
  [train] batch 2060/2306  (1054720/1180660 images, 89.3%)
  [train] batch 2080/2306  (1064960/1180660 images, 90.2%)
  [train] batch 2100/2306  (1075200/1180660 images, 91.1%)
  [train] batch 2120/2306  (1085440/1180660 images, 91.9%)
