Bodies: 14419, Features: 14419 x 8 = 115352

============================================================
  Step 1: Extract 8 SPP features per body
============================================================
[ImageNet] Train: 20000 images
[ImageNet] Val: 50000 images
[ImageNet] Resolution: 112x112
  Train images: 20000
/workspace/neurosymbolic-rl/src/symbolic/tensor_operators.py:481: UserWarning: std(): degrees of freedom is <= 0. Correction should be strictly less than the reduction factor (input numel divided by output numel). (Triggered internally at ../aten/src/ATen/native/ReduceOps.cpp:1808.)
  return torch.std(x, dim=[-2, -1])
    batch 1/79 (256/20000) 67s
    batch 5/79 (1280/20000) 324s
    batch 10/79 (2560/20000) 644s
    batch 15/79 (3840/20000) 965s
    batch 20/79 (5120/20000) 1285s
    batch 25/79 (6400/20000) 1605s
    batch 30/79 (7680/20000) 1925s
    batch 35/79 (8960/20000) 2245s
    batch 40/79 (10240/20000) 2566s
    batch 45/79 (11520/20000) 2886s
    batch 50/79 (12800/20000) 3207s
    batch 55/79 (14080/20000) 3527s
    batch 60/79 (15360/20000) 3847s
    batch 65/79 (16640/20000) 4167s
    batch 70/79 (17920/20000) 4488s
    batch 75/79 (19200/20000) 4808s
  Extraction done: (20000, 115352) in 83.7 min

============================================================
  Step 2: Train nn.Linear(115352, 1000) with L1
============================================================
  Computing mean/std...
    epoch 5/20, CE=15.5878
    epoch 10/20, CE=11.3253
    epoch 15/20, CE=5.8227
    epoch 20/20, CE=5.6965

============================================================
  Step 3: Rank bodies by importance
============================================================
  Top-100 importance: max=21.6868, min=0.3860, median=0.4856
  Cutoff importance: 0.3860 (vs mean all: 0.0754)

  Saved 100 bodies → outputs/imagenet_v3_2/layer2/l1_selected_bodies.json

============================================================
  Step 5: Standalone val accuracy of selected bodies
============================================================
[ImageNet] Train: 5000 images
[ImageNet] Val: 50000 images
[ImageNet] Resolution: 112x112
  Val set: 50000 images

  Standalone accuracy of 100 selected bodies:
    max:    0.152%
    median: 0.104%
    min:    0.064%
    mean:   0.104%
    random: 0.100%

  Top-5 by standalone accuracy:
    acc=0.152%  importance=0.44  I_R relu local_contrast opening conv3x3_7 edge_y tophat
    acc=0.148%  importance=0.40  I_S low_freq laplacian edge_x classic_laplacian I_g edge_orient laplacian conv5x5_0 high_freq classic_laplacian lbp_like normalize flip_v local_std_5x5 conv5x5_1 div
    acc=0.148%  importance=0.51  I_GRAY edge_xx sigmoid dilate low_freq edge_y classic_edge_y dilate low_freq edge_yy normalize conv3x3_2 classic_gabor_0 conv3x3_2 relu closing conv5x5_3 relu closing
    acc=0.138%  importance=0.60  I_G gabor_0 corner_harris conv5x5_3 dog normalize conv3x3_0 edge_y dilate downsample_2x I_B high_freq edge_orient edge_y corner_harris downsample_2x subtract
    acc=0.136%  importance=21.69  I_BY negate conv3x3_2 lbp_like local_std_5x5 dog conv3x3_6 classic_gabor_45 conv5x5_1 tophat conv5x5_2 sigmoid log1p_abs conv3x3_1

  Done.
