Waiting for ImageNet download to finish (PID 17352)...
  05:18:42 train images: 956288 / 1281167
  05:19:44 train images: 964690 / 1281167
  05:20:45 train images: 973173 / 1281167
  05:21:47 train images: 981647 / 1281167
  05:22:49 train images: 990126 / 1281167
  05:23:50 train images: 998526 / 1281167
  05:24:52 train images: 1006942 / 1281167
  05:25:54 train images: 1015309 / 1281167
  05:26:56 train images: 1021286 / 1281167
  05:27:58 train images: 1029226 / 1281167
  05:29:00 train images: 1037356 / 1281167
  05:30:01 train images: 1045693 / 1281167
  05:31:03 train images: 1053797 / 1281167
  05:32:05 train images: 1061894 / 1281167
  05:33:07 train images: 1069975 / 1281167
  05:34:09 train images: 1078251 / 1281167
  05:35:11 train images: 1085958 / 1281167
  05:36:13 train images: 1093889 / 1281167
  05:37:14 train images: 1101821 / 1281167
  05:38:16 train images: 1109777 / 1281167
  05:39:18 train images: 1118148 / 1281167
  05:40:20 train images: 1126576 / 1281167
  05:41:22 train images: 1135230 / 1281167
  05:42:24 train images: 1143750 / 1281167
  05:43:25 train images: 1152212 / 1281167
  05:44:27 train images: 1160876 / 1281167
  05:45:29 train images: 1169299 / 1281167
  05:46:31 train images: 1177901 / 1281167
Download process finished at Wed Mar 25 05:47:31 UTC 2026
Train images: 1180660
Val dir missing — creating symlink to train for pipeline run
Val images: 1180660

Starting pipeline...
Config: configs/tensor_vsr_imagenet_single_bank.yaml
Device: cuda
Output: outputs/imagenet_single_bank
Starting from Phase 1

======================================================================
  PHASE 1: FAST DISCOVERY (Low Resolution)
======================================================================

--- Bank 0/1 ---
[ImageNet] Train: 20000 images
[ImageNet] Val: 1180660 images
[ImageNet] Resolution: 64x64
Cached 20000 images: torch.Size([20000, 3, 64, 64])
tee: logs/pipeline_single_bank.log: Disk quota exceeded
Traceback (most recent call last):
  File "/workspace/neurosymbolic-rl/experiments/train_imagenet_pipeline.py", line 1231, in <module>
    main()
  File "/workspace/neurosymbolic-rl/experiments/train_imagenet_pipeline.py", line 1198, in main
    phase1_dirs = run_phase1(config, device, phase1_dir)
                  ^^^^^^^^^^^^^^^^^^^^^^^^^^^^^^^^^^^^^^
  File "/workspace/neurosymbolic-rl/experiments/train_imagenet_pipeline.py", line 228, in run_phase1
    superclass_map = build_imagenet_superclass_mapping(data_module.train_dataset)
                     ^^^^^^^^^^^^^^^^^^^^^^^^^^^^^^^^^^^^^^^^^^^^^^^^^^^^^^^^^^^^
  File "/workspace/neurosymbolic-rl/src/data/imagenet_loader.py", line 187, in build_imagenet_superclass_mapping
    num_classes = len(dataset.class_to_idx)
                      ^^^^^^^^^^^^^^^^^^^^
AttributeError: 'Subset' object has no attribute 'class_to_idx'
